Build started 2014-03-05 08:12:32.
     1>Project "C:\tmp\Krol\ConsoleDT1\ConsoleDT1\ConsoleDT1.vcxproj" on node 2 (Build target(s)).
     1>ClCompile:
         D:\VS\Microsoft Visual Studio 11.0\VC\bin\CL.exe /c /ZI /nologo /W3 /WX- /sdl /Od /Oy- /D WIN32 /D _DEBUG /D _CONSOLE /D _UNICODE /D UNICODE /Gm /EHsc /RTC1 /MDd /GS /fp:precise /Zc:wchar_t /Zc:forScope /Yu"stdafx.h" /Fp"Debug\ConsoleDT1.pch" /Fo"Debug\\" /Fd"Debug\vc110.pdb" /Gd /TP /analyze- /errorReport:prompt ConsoleDT1.cpp
         ConsoleDT1.cpp
     1>c:\tmp\krol\consoledt1\consoledt1\consoledt1.cpp(29): warning C4244: 'argument' : conversion from 'time_t' to 'unsigned int', possible loss of data
     1>c:\tmp\krol\consoledt1\consoledt1\consoledt1.cpp(33): error C2059: syntax error : ';'
     1>c:\tmp\krol\consoledt1\consoledt1\consoledt1.cpp(34): error C2059: syntax error : ';'
     1>c:\tmp\krol\consoledt1\consoledt1\consoledt1.cpp(35): error C2059: syntax error : ';'
     1>c:\tmp\krol\consoledt1\consoledt1\consoledt1.cpp(36): error C2059: syntax error : ';'
     1>c:\tmp\krol\consoledt1\consoledt1\consoledt1.cpp(37): error C2059: syntax error : ';'
     1>c:\tmp\krol\consoledt1\consoledt1\consoledt1.cpp(38): error C2059: syntax error : ';'
     1>c:\tmp\krol\consoledt1\consoledt1\consoledt1.cpp(39): error C2059: syntax error : ';'
     1>c:\tmp\krol\consoledt1\consoledt1\consoledt1.cpp(40): error C2059: syntax error : ';'
     1>c:\tmp\krol\consoledt1\consoledt1\consoledt1.cpp(41): error C2059: syntax error : ';'
     1>c:\tmp\krol\consoledt1\consoledt1\consoledt1.cpp(42): error C2059: syntax error : ';'
     1>c:\tmp\krol\consoledt1\consoledt1\consoledt1.cpp(43): error C2059: syntax error : ';'
     1>c:\tmp\krol\consoledt1\consoledt1\consoledt1.cpp(44): error C2059: syntax error : ';'
     1>c:\tmp\krol\consoledt1\consoledt1\consoledt1.cpp(45): error C2059: syntax error : ';'
     1>c:\tmp\krol\consoledt1\consoledt1\consoledt1.cpp(46): error C2059: syntax error : ';'
     1>c:\tmp\krol\consoledt1\consoledt1\consoledt1.cpp(47): error C2059: syntax error : ';'
     1>c:\tmp\krol\consoledt1\consoledt1\consoledt1.cpp(48): error C2059: syntax error : ';'
     1>c:\tmp\krol\consoledt1\consoledt1\consoledt1.cpp(49): error C2059: syntax error : ';'
     1>c:\tmp\krol\consoledt1\consoledt1\consoledt1.cpp(50): error C2059: syntax error : ';'
     1>c:\tmp\krol\consoledt1\consoledt1\consoledt1.cpp(51): error C2059: syntax error : ';'
     1>c:\tmp\krol\consoledt1\consoledt1\consoledt1.cpp(52): error C2059: syntax error : ';'
     1>c:\tmp\krol\consoledt1\consoledt1\consoledt1.cpp(53): error C2059: syntax error : ';'
     1>c:\tmp\krol\consoledt1\consoledt1\consoledt1.cpp(54): error C2059: syntax error : ';'
     1>c:\tmp\krol\consoledt1\consoledt1\consoledt1.cpp(55): error C2059: syntax error : ';'
     1>c:\tmp\krol\consoledt1\consoledt1\consoledt1.cpp(56): error C2059: syntax error : ';'
     1>c:\tmp\krol\consoledt1\consoledt1\consoledt1.cpp(57): error C2059: syntax error : ';'
     1>c:\tmp\krol\consoledt1\consoledt1\consoledt1.cpp(58): error C2059: syntax error : ';'
     1>c:\tmp\krol\consoledt1\consoledt1\consoledt1.cpp(59): error C2059: syntax error : ';'
     1>c:\tmp\krol\consoledt1\consoledt1\consoledt1.cpp(60): error C2059: syntax error : ';'
     1>c:\tmp\krol\consoledt1\consoledt1\consoledt1.cpp(61): error C2059: syntax error : ';'
     1>c:\tmp\krol\consoledt1\consoledt1\consoledt1.cpp(62): error C2059: syntax error : ';'
     1>c:\tmp\krol\consoledt1\consoledt1\consoledt1.cpp(63): error C2059: syntax error : ';'
     1>c:\tmp\krol\consoledt1\consoledt1\consoledt1.cpp(64): error C2059: syntax error : ';'
     1>c:\tmp\krol\consoledt1\consoledt1\consoledt1.cpp(65): error C2059: syntax error : ';'
     1>c:\tmp\krol\consoledt1\consoledt1\consoledt1.cpp(66): error C2059: syntax error : ';'
     1>c:\tmp\krol\consoledt1\consoledt1\consoledt1.cpp(67): error C2059: syntax error : ';'
     1>c:\tmp\krol\consoledt1\consoledt1\consoledt1.cpp(68): error C2059: syntax error : ';'
     1>c:\tmp\krol\consoledt1\consoledt1\consoledt1.cpp(69): error C2059: syntax error : ';'
     1>c:\tmp\krol\consoledt1\consoledt1\consoledt1.cpp(70): error C2059: syntax error : ';'
     1>c:\tmp\krol\consoledt1\consoledt1\consoledt1.cpp(71): error C2059: syntax error : ';'
     1>c:\tmp\krol\consoledt1\consoledt1\consoledt1.cpp(72): error C2059: syntax error : ';'
     1>c:\tmp\krol\consoledt1\consoledt1\consoledt1.cpp(73): error C2059: syntax error : ';'
     1>c:\tmp\krol\consoledt1\consoledt1\consoledt1.cpp(74): error C2059: syntax error : ';'
     1>c:\tmp\krol\consoledt1\consoledt1\consoledt1.cpp(75): error C2059: syntax error : ';'
     1>c:\tmp\krol\consoledt1\consoledt1\consoledt1.cpp(76): error C2059: syntax error : ';'
     1>c:\tmp\krol\consoledt1\consoledt1\consoledt1.cpp(77): error C2059: syntax error : ';'
     1>c:\tmp\krol\consoledt1\consoledt1\consoledt1.cpp(78): error C2059: syntax error : ';'
     1>c:\tmp\krol\consoledt1\consoledt1\consoledt1.cpp(79): error C2059: syntax error : ';'
     1>c:\tmp\krol\consoledt1\consoledt1\consoledt1.cpp(80): error C2059: syntax error : ';'
     1>c:\tmp\krol\consoledt1\consoledt1\consoledt1.cpp(81): error C2059: syntax error : ';'
     1>c:\tmp\krol\consoledt1\consoledt1\consoledt1.cpp(82): error C2059: syntax error : ';'
     1>c:\tmp\krol\consoledt1\consoledt1\consoledt1.cpp(83): error C2059: syntax error : ';'
     1>c:\tmp\krol\consoledt1\consoledt1\consoledt1.cpp(84): error C2059: syntax error : ';'
     1>c:\tmp\krol\consoledt1\consoledt1\consoledt1.cpp(85): error C2059: syntax error : ';'
     1>c:\tmp\krol\consoledt1\consoledt1\consoledt1.cpp(86): error C2059: syntax error : ';'
     1>c:\tmp\krol\consoledt1\consoledt1\consoledt1.cpp(87): error C2059: syntax error : ';'
     1>c:\tmp\krol\consoledt1\consoledt1\consoledt1.cpp(88): error C2059: syntax error : ';'
     1>c:\tmp\krol\consoledt1\consoledt1\consoledt1.cpp(89): error C2059: syntax error : ';'
     1>c:\tmp\krol\consoledt1\consoledt1\consoledt1.cpp(90): error C2059: syntax error : ';'
     1>c:\tmp\krol\consoledt1\consoledt1\consoledt1.cpp(91): error C2059: syntax error : ';'
     1>c:\tmp\krol\consoledt1\consoledt1\consoledt1.cpp(92): error C2059: syntax error : ';'
     1>c:\tmp\krol\consoledt1\consoledt1\consoledt1.cpp(93): error C2059: syntax error : ';'
     1>c:\tmp\krol\consoledt1\consoledt1\consoledt1.cpp(94): error C2059: syntax error : ';'
     1>Done Building Project "C:\tmp\Krol\ConsoleDT1\ConsoleDT1\ConsoleDT1.vcxproj" (Build target(s)) -- FAILED.

Build FAILED.

Time Elapsed 00:00:00.42
